<?xml version="1.0" encoding="UTF-8"?>
<testsuite xmlns:xsi="http://www.w3.org/2001/XMLSchema-instance" xsi:noNamespaceSchemaLocation="https://maven.apache.org/surefire/maven-surefire-plugin/xsd/surefire-test-report.xsd" name="TestSuite" time="66.795" tests="1" errors="0" skipped="0" failures="1">
  <properties>
[...]
</properties>
  <testcase name="runScenario" classname="com.resumelibrary.cucumber.CucumberTestRunner" time="41.785">
    <failure message="no such element: Unable to locate element: {&quot;method&quot;:&quot;css selector&quot;,&quot;selector&quot;:&quot;*[name=&apos;username&apos;]&quot;}&#10;  (Session info: chrome=100.0.4896.127)&#10;For documentation on this error, please visit: https://selenium.dev/exceptions/#no_such_element&#10;Build info: version: &apos;4.6.0&apos;, revision: &apos;79f1c02ae20&apos;&#10;System info: os.name: &apos;Mac OS X&apos;, os.arch: &apos;aarch64&apos;, os.version: &apos;13.0.1&apos;, java.version: &apos;11.0.18&apos;&#10;Driver info: org.openqa.selenium.remote.RemoteWebDriver&#10;Command: [2b0f30e9732bb72957c85f1e429ca4a7, findElement {using=name, value=username}]&#10;Capabilities {acceptInsecureCerts: false, browserName: chrome, browserVersion: 100.0.4896.127, chrome: {chromedriverVersion: 100.0.4896.60 (6a5d10861ce8..., userDataDir: C:\Users\ltuser\AppData\Loc...}, goog:chromeOptions: {debuggerAddress: localhost:59330}, goog:loggingPrefs: {browser: ALL}, networkConnectionEnabled: false, pageLoadStrategy: normal, performance: false, platformName: WINDOWS, proxy: Proxy(), se:cdpVersion: 100.0.4896.127, setWindowRect: true, strictFileInteractability: false, timeouts: {implicit: 0, pageLoad: 300000, script: 30000}, unhandledPromptBehavior: dismiss and notify, video: true, webauthn:extension:credBlob: true, webauthn:extension:largeBlob: true, webauthn:virtualAuthenticators: true}&#10;Session ID: 2b0f30e9732bb72957c85f1e429ca4a7" type="org.openqa.selenium.NoSuchElementException">org.openqa.selenium.NoSuchElementException: 
no such element: Unable to locate element: {"method":"css selector","selector":"*[name='username']"}
  (Session info: chrome=100.0.4896.127)
For documentation on this error, please visit: https://selenium.dev/exceptions/#no_such_element
Build info: version: '4.6.0', revision: '79f1c02ae20'
System info: os.name: 'Mac OS X', os.arch: 'aarch64', os.version: '13.0.1', java.version: '11.0.18'
Driver info: org.openqa.selenium.remote.RemoteWebDriver
Command: [2b0f30e9732bb72957c85f1e429ca4a7, findElement {using=name, value=username}]
Capabilities {acceptInsecureCerts: false, browserName: chrome, browserVersion: 100.0.4896.127, chrome: {chromedriverVersion: 100.0.4896.60 (6a5d10861ce8..., userDataDir: C:\Users\ltuser\AppData\Loc...}, goog:chromeOptions: {debuggerAddress: localhost:59330}, goog:loggingPrefs: {browser: ALL}, networkConnectionEnabled: false, pageLoadStrategy: normal, performance: false, platformName: WINDOWS, proxy: Proxy(), se:cdpVersion: 100.0.4896.127, setWindowRect: true, strictFileInteractability: false, timeouts: {implicit: 0, pageLoad: 300000, script: 30000}, unhandledPromptBehavior: dismiss and notify, video: true, webauthn:extension:credBlob: true, webauthn:extension:largeBlob: true, webauthn:virtualAuthenticators: true}
Session ID: 2b0f30e9732bb72957c85f1e429ca4a7
</failure>
    <system-out><![CDATA[Found Existing Tunnel Package
Extracting the Zipped Tunnel
Should be a zip file
/Users/shubhamr/Downloads/rl-selenium-web/.lambdatest/LT
version: LT version 3.1.25
infoAPIPortValue: 64436
tunnel Verified
64437
Listening for connection on port 64437  ....
options load true
Not found any file
No configuration file found. Proceeding with defaults
Not found any file
&amp#27;[34mINFO&amp#27;[0m	LambdaTest Tunnel version: 3.1.25
&amp#27;[34mINFO&amp#27;[0m	New update available for the tunnel client. Downloading update
Tunnel is updated. restarting...
Not found any file
No configuration file found. Proceeding with defaults
Not found any file
&amp#27;[34mINFO&amp#27;[0m	LambdaTest Tunnel version: 3.1.26
Not found any file
&amp#27;[34mINFO&amp#27;[0m	Tunnel binary started on port :9090
Not found any file
&amp#27;[34mINFO&amp#27;[0m	Using ssh(over_22) :: connection mode
Not found any file
&amp#27;[34mINFO&amp#27;[0m	Launching tunnel
POST / HTTP/1.1
Host: 127.0.0.1:64437
User-Agent: Go-http-client/1.1
Content-Length: 180
Client: burrow
Content-Type: application/json
Accept-Encoding: gzip
File created: 64437.txt
Writing to file done
Tunnel Started Successfully
Tunnel Started Successfully

&amp#27;[1;90m ##                   ##                                                 #                                                                         &amp#27;[0m
&amp#27;[1;90m #  #                 #  #                                                                                                                         &amp#27;[0m
&amp#27;[1;90m #                    #                                                                                                                            &amp#27;[0m
&amp#27;[1;90m #  #                 #  #          #  #    #                            #           #  #                                #                   #  #  &amp#27;[0m
&amp#27;[1;90m # #                  # #    #      #       #     #                      #    #      #                                   #            #      #     &amp#27;[0m
&amp#27;[1;90m #  #                 #  #   #      #       #     #         #      #     #    #      #                #          #   #   #            #      #     &amp#27;[0m
&amp#27;[1;90m #                    #             #  #    #                            #           #                           #   #   #                   #  #  &amp#27;[0m
&amp#27;[1;90m #   #   ####         #   #    ##           #       ##    ##     ##    #####    #    #              ##               #   #              ##    #    &amp#27;[0m
&amp#27;[1;90m                                     ##                                                                                                            &amp#27;[0m

2023-03-13 16:03:418 INFO  ExcelUtil :27 - [--->in createFailedExcel<----]
2023-03-13 16:03:626 INFO  ExcelUtil :46 - [--->Created excel file successfully for the build:null<----]
2023-03-13 16:03:353 INFO  CustomAbstractTestNGCucumberTests :81 - [--->In CustomAbstractTestNGCucumberTests: Before Class{machine=STAGING_MACHINE_1, browser=lambdaTestChrome}<---]
2023-03-13 16:03:475 INFO  CucumberTestRunner :42 - [--->thread count:12 set for CucumberTestRunner<---]
2023-03-13 16:03:484 INFO  CustomAbstractTestNGCucumberTests :59 - [--->CustomListener: onStart :lambdaTestChrome:STAGING_MACHINE_1<---]

@DataSetupForAllTests @Regression @Web @ReleaseRegression1 @Recruiters @jobPosingSpendTypeAccount
Scenario: Verifying job posting spend type is ACCOUNT not CLIENT # src/test/java/resources/featurefiles/aaajobposting/AADataSetup.feature:5
2023-03-13 16:03:673 INFO  PropertyFileReader :53 - [--->tagNames to skip failure from Scenarios.properties :[nationalJobsBanner, JobViewSchemaValidation]<----]
2023-03-13 16:03:673 INFO  DriverController :72 - [--->Using lambdatest cloud chrome browser<---]
2023-03-13 16:03:674 INFO  CloudDriverProvider :88 - [--->jenkinsBuildNumber = CandidateSafari@555<---]
2023-03-13 16:03:674 INFO  CloudDriverProvider :91 - [--->driverURL:https://shubhamr:dl8Y8as59i1YyGZZUeLF897aCFvIDmaKkUU1e6RgBmlgMLIIhh@hub.lambdatest.com/wd/hub<---]
  Given I login as an admin user                                 # com.resumelibrary.cucumber.stepdefinitions.admin.misc.Misc.iLoginAsAnAdminUser()
      org.openqa.selenium.NoSuchElementException: no such element: Unable to locate element: {"method":"css selector","selector":"*[name='username']"}
  (Session info: chrome=100.0.4896.127)
For documentation on this error, please visit: https://selenium.dev/exceptions/#no_such_element
Build info: version: '4.6.0', revision: '79f1c02ae20'
System info: os.name: 'Mac OS X', os.arch: 'aarch64', os.version: '13.0.1', java.version: '11.0.18'
Driver info: org.openqa.selenium.remote.RemoteWebDriver
Command: [2b0f30e9732bb72957c85f1e429ca4a7, findElement {using=name, value=username}]
Capabilities {acceptInsecureCerts: false, browserName: chrome, browserVersion: 100.0.4896.127, chrome: {chromedriverVersion: 100.0.4896.60 (6a5d10861ce8..., userDataDir: C:\Users\ltuser\AppData\Loc...}, goog:chromeOptions: {debuggerAddress: localhost:59330}, goog:loggingPrefs: {browser: ALL}, networkConnectionEnabled: false, pageLoadStrategy: normal, performance: false, platformName: WINDOWS, proxy: Proxy(), se:cdpVersion: 100.0.4896.127, setWindowRect: true, strictFileInteractability: false, timeouts: {implicit: 0, pageLoad: 300000, script: 30000}, unhandledPromptBehavior: dismiss and notify, video: true, webauthn:extension:credBlob: true, webauthn:extension:largeBlob: true, webauthn:virtualAuthenticators: true}
Session ID: 2b0f30e9732bb72957c85f1e429ca4a7
	at java.base/jdk.internal.reflect.NativeConstructorAccessorImpl.newInstance0(Native Method)
	at java.base/jdk.internal.reflect.NativeConstructorAccessorImpl.newInstance(NativeConstructorAccessorImpl.java:62)
	at java.base/jdk.internal.reflect.DelegatingConstructorAccessorImpl.newInstance(DelegatingConstructorAccessorImpl.java:45)
	at java.base/java.lang.reflect.Constructor.newInstance(Constructor.java:490)
	at org.openqa.selenium.remote.codec.w3c.W3CHttpResponseCodec.createException(W3CHttpResponseCodec.java:200)
	at org.openqa.selenium.remote.codec.w3c.W3CHttpResponseCodec.decode(W3CHttpResponseCodec.java:133)
	at org.openqa.selenium.remote.codec.w3c.W3CHttpResponseCodec.decode(W3CHttpResponseCodec.java:53)
	at org.openqa.selenium.remote.HttpCommandExecutor.execute(HttpCommandExecutor.java:184)
	at org.openqa.selenium.remote.TracedCommandExecutor.execute(TracedCommandExecutor.java:51)
	at org.openqa.selenium.remote.RemoteWebDriver.execute(RemoteWebDriver.java:541)
	at org.openqa.selenium.remote.ElementLocation$ElementFinder$2.findElement(ElementLocation.java:162)
	at org.openqa.selenium.remote.ElementLocation.findElement(ElementLocation.java:66)
	at org.openqa.selenium.remote.RemoteWebDriver.findElement(RemoteWebDriver.java:365)
	at org.openqa.selenium.remote.RemoteWebDriver.findElement(RemoteWebDriver.java:357)
	at org.openqa.selenium.support.pagefactory.DefaultElementLocator.findElement(DefaultElementLocator.java:70)
	at org.openqa.selenium.support.pagefactory.internal.LocatingElementHandler.invoke(LocatingElementHandler.java:39)
	at com.sun.proxy.$Proxy29.sendKeys(Unknown Source)
	at com.resumelibrary.admintest.misc.MiscPage.loginAsAdminUser(MiscPage.java:116)
	at com.resumelibrary.cucumber.stepdefinitions.admin.misc.Misc.iLoginAsAnAdminUser(Misc.java:31)
	at ���.I login as an admin user(file:///Users/shubhamr/Downloads/rl-selenium-web/./src/test/java/resources/featurefiles/aaajobposting/AADataSetup.feature:6)

2023-03-13 16:03:91 INFO  Utility :564 - [--->Initializing for screenshot<---]
2023-03-13 16:03:80 INFO  Utility :572 - [--->Screenshot taken<---]
  When I navigate to page on admin "Account 1478"                # com.resumelibrary.cucumber.stepdefinitions.web.candidate.Others.iNavigateToPageAdmin(java.lang.String)
  And I click on product details Edit button                     # com.resumelibrary.cucumber.stepdefinitions.admin.account.Account.iClickOnProductDetailsEditButton()
  Then the job posting spend type is "ACCOUNT" not "CLIENT"      # com.resumelibrary.cucumber.stepdefinitions.admin.account.Account.theJobPostingSpendTypeIsNot(java.lang.String,java.lang.String)
2023-03-13 16:03:82 INFO  Hooks :34 - [--->In Hooks, cucumber after tearDown method ---> <---]

    [--->--------------------------------------------<---]


    [--->CURRENT URL IS ----> https://www.resume-library.com/403.html<---]


    [--->BROWSER NAME   ----> chrome-100.0.4896.127<---]


    [--->CURRENT TAG IS : [@DataSetupForAllTests, @Regression, @Web, @ReleaseRegression1, @Recruiters, @jobPosingSpendTypeAccount]<---]


    [--->--------------------------------------------<---]

2023-03-13 16:03:477 INFO  Utility :547 - [--->Initializing for screenshot<---]

    Embedding Verifying job posting spend type is ACCOUNT not CLIENT [image/jpg 107843 bytes]

2023-03-13 16:03:434 INFO  Utility :555 - [--->Screenshot taken<---]
[Test Case]:[Verifying job posting spend type is ACCOUNT not CLIENT]::[Status][FAILED]
2023-03-13 16:03:435 INFO  ExcelUtil :27 - [--->in createFailedExcel<----]
2023-03-13 16:03:438 INFO  ExcelUtil :46 - [--->Created excel file successfully for the build:CandidateSafari@555<----]
2023-03-13 16:03:439 INFO  ExcelUtil :54 - [--->in addRowsFailedExcel<---]
2023-03-13 16:03:482 INFO  ExcelUtil :172 - [--->in getVerticalName<---]
2023-03-13 16:03:484 INFO  ExcelUtil :78 - [--->written into excel file successfully for the failed scenario:Verifying job posting spend type is ACCOUNT not CLIENT<-----]
2023-03-13 16:03:484 INFO  Utility :1138 - [--->setFailedCountSummary<---]=====>[@DataSetupForAllTests, @Regression, @Web, @ReleaseRegression1, @Recruiters, @jobPosingSpendTypeAccount]
2023-03-13 16:03:484 INFO  ExcelUtil :172 - [--->in getVerticalName<---]
2023-03-13 16:03:484 INFO  Utility :1145 - [--->Failed:before  Recruiters :0<---]
2023-03-13 16:03:484 INFO  Utility :1147 - [--->Failed:after  Recruiters :1<---]
createdocument.docx written successully
]]></system-out>
    <system-err><![CDATA[ERROR StatusLogger Log4j2 could not find a logging implementation. Please add log4j-core to the classpath. Using SimpleLogger to log to the console...
[TestNG-tests-1] INFO com.resumelibrary.cucumber.CustomFormatter - [--->in setEventPublisher<---]
[TestNG-tests-1] INFO com.resumelibrary.cucumber.CustomFormatter - [--->in setEventPublisher<---]
[TestNG-PoolService-0] INFO com.resumelibrary.cucumber.CustomFormatter - |----------------------------------------------------------------------------------------------------------------------------------|
[TestNG-PoolService-0] INFO com.resumelibrary.cucumber.CustomFormatter - &amp#27;[1;91m[--->&amp#27;[42m&amp#27;[1;97m     scenario started   :  Verifying job posting spend type is ACCOUNT not CLIENT&amp#27;[0m&amp#27;[1;91m<---]&amp#27;[0m
[TestNG-PoolService-0] INFO com.resumelibrary.cucumber.CustomFormatter - |----------------------------------------------------------------------------------------------------------------------------------|
[TestNG-PoolService-0] INFO com.resumelibrary.cucumber.CustomFormatter - [--->in isSkipTest<---]
Mar 13, 2023 4:31:22 PM org.openqa.selenium.remote.tracing.opentelemetry.OpenTelemetryTracer createTracer
INFO: Using OpenTelemetry for tracing
[TestNG-PoolService-0] INFO com.resumelibrary.cucumber.CustomFormatter - &amp#27;[1;91m[--->&amp#27;[42m&amp#27;[1;97mdriver created successfully for:Verifying job posting spend type is ACCOUNT not CLIENT&amp#27;[0m&amp#27;[0m&amp#27;[1;91m<---]&amp#27;[0m
[TestNG-PoolService-0] INFO com.resumelibrary.cucumber.CustomFormatter - LT: scenarioStepResultsMap {Verifying job posting spend type is ACCOUNT not CLIENT=[]}
[TestNG-PoolService-0] INFO com.resumelibrary.cucumber.CustomFormatter - [--->in stepStartedHandler<---]
[TestNG-PoolService-0] INFO com.resumelibrary.cucumber.CustomFormatter - [--->in stepFinishedHandler<---]
[TestNG-PoolService-0] INFO com.resumelibrary.cucumber.CustomFormatter - LT: Scenario Finished{Verifying job posting spend type is ACCOUNT not CLIENT=[]}
[TestNG-PoolService-0] INFO com.resumelibrary.cucumber.CustomFormatter - [--->in stepStartedHandler<---]
[TestNG-PoolService-0] INFO com.resumelibrary.cucumber.CustomFormatter - [--->in stepFinishedHandler<---]
[TestNG-PoolService-0] INFO com.resumelibrary.cucumber.CustomFormatter - [--->in convertStackTraceToString<---]
[TestNG-PoolService-0] INFO com.resumelibrary.cucumber.CustomFormatter - LT: Scenario Finished{Verifying job posting spend type is ACCOUNT not CLIENT=[com.resumelibrary.utilities.ScenarioStepResults@7f39e3c4]}
[TestNG-PoolService-0] INFO com.resumelibrary.cucumber.CustomFormatter - [--->in stepStartedHandler<---]
[TestNG-PoolService-0] INFO com.resumelibrary.cucumber.CustomFormatter - [--->in stepFinishedHandler<---]
[TestNG-PoolService-0] INFO com.resumelibrary.cucumber.CustomFormatter - LT: Scenario Finished{Verifying job posting spend type is ACCOUNT not CLIENT=[com.resumelibrary.utilities.ScenarioStepResults@7f39e3c4, com.resumelibrary.utilities.ScenarioStepResults@486437cf]}
[TestNG-PoolService-0] INFO com.resumelibrary.cucumber.CustomFormatter - [--->in stepStartedHandler<---]
[TestNG-PoolService-0] INFO com.resumelibrary.cucumber.CustomFormatter - [--->in stepFinishedHandler<---]
[TestNG-PoolService-0] INFO com.resumelibrary.cucumber.CustomFormatter - LT: Scenario Finished{Verifying job posting spend type is ACCOUNT not CLIENT=[com.resumelibrary.utilities.ScenarioStepResults@7f39e3c4, com.resumelibrary.utilities.ScenarioStepResults@486437cf, com.resumelibrary.utilities.ScenarioStepResults@7706828c]}
[TestNG-PoolService-0] INFO com.resumelibrary.cucumber.CustomFormatter - [--->in stepStartedHandler<---]
[TestNG-PoolService-0] INFO com.resumelibrary.cucumber.CustomFormatter - [--->in stepFinishedHandler<---]
[TestNG-PoolService-0] INFO com.resumelibrary.cucumber.CustomFormatter - LT: Scenario Finished{Verifying job posting spend type is ACCOUNT not CLIENT=[com.resumelibrary.utilities.ScenarioStepResults@7f39e3c4, com.resumelibrary.utilities.ScenarioStepResults@486437cf, com.resumelibrary.utilities.ScenarioStepResults@7706828c, com.resumelibrary.utilities.ScenarioStepResults@5f4c0b91]}
[TestNG-PoolService-0] INFO com.resumelibrary.cucumber.CustomFormatter - [--->in stepStartedHandler<---]
[TestNG-PoolService-0] INFO com.resumelibrary.cucumber.CustomFormatter - [--->in stepFinishedHandler<---]
[TestNG-PoolService-0] INFO com.resumelibrary.cucumber.CustomFormatter - LT: Scenario Finished{Verifying job posting spend type is ACCOUNT not CLIENT=[com.resumelibrary.utilities.ScenarioStepResults@7f39e3c4, com.resumelibrary.utilities.ScenarioStepResults@486437cf, com.resumelibrary.utilities.ScenarioStepResults@7706828c, com.resumelibrary.utilities.ScenarioStepResults@5f4c0b91]}
[TestNG-PoolService-0] INFO com.resumelibrary.cucumber.CustomFormatter - [--->in scenarioFinishedHandler<---]
[TestNG-PoolService-0] INFO com.resumelibrary.cucumber.CustomFormatter - |----------------------------------------------------------------------------------------------------------------------------------|
[TestNG-PoolService-0] INFO com.resumelibrary.cucumber.CustomFormatter - &amp#27;[1;91m[--->&amp#27;[42m&amp#27;[1;97m     scenario &amp#27;[0;100m&amp#27;[1;91mFAILED&amp#27;[0m   :  &amp#27;[42m&amp#27;[1;97mVerifying job posting spend type is ACCOUNT not CLIENT&amp#27;[0m&amp#27;[1;91m<---]&amp#27;[0m
[TestNG-PoolService-0] INFO com.resumelibrary.cucumber.CustomFormatter - |----------------------------------------------------------------------------------------------------------------------------------|
[TestNG-PoolService-0] INFO com.resumelibrary.cucumber.CustomFormatter - &amp#27;[1;91m[--->&amp#27;[42m&amp#27;[1;97mStep 1: &amp#27;[0;100m&amp#27;[1;97mI login as an admin user&amp#27;[1;91m[FAILED]&amp#27;[0m&amp#27;[0m&amp#27;[1;91m<---]&amp#27;[0m
[TestNG-PoolService-0] ERROR com.resumelibrary.cucumber.CustomFormatter - &amp#27;[1;91m[--->Failed Reason:
org.openqa.selenium.NoSuchElementException: no such element: Unable to locate element: {"method":"css selector","selector":"*[name='username']"}
  (Session info: chrome=100.0.4896.127)
For documentation on this error, please visit: https://selenium.dev/exceptions/#no_such_element
Build info: version: '4.6.0', revision: '79f1c02ae20'
System info: os.name: 'Mac OS X', os.arch: 'aarch64', os.version: '13.0.1', java.version: '11.0.18'
Driver info: org.openqa.selenium.remote.RemoteWebDriver
Command: [2b0f30e9732bb72957c85f1e429ca4a7, findElement {using=name, value=username}]
Capabilities {acceptInsecureCerts: false, browserName: chrome, browserVersion: 100.0.4896.127, chrome: {chromedriverVersion: 100.0.4896.60 (6a5d10861ce8..., userDataDir: C:\Users\ltuser\AppData\Loc...}, goog:chromeOptions: {debuggerAddress: localhost:59330}, goog:loggingPrefs: {browser: ALL}, networkConnectionEnabled: false, pageLoadStrategy: normal, performance: false, platformName: WINDOWS, proxy: Proxy(), se:cdpVersion: 100.0.4896.127, setWindowRect: true, strictFileInteractability: false, timeouts: {implicit: 0, pageLoad: 300000, script: 30000}, unhandledPromptBehavior: dismiss and notify, video: true, webauthn:extension:credBlob: true, webauthn:extension:largeBlob: true, webauthn:virtualAuthenticators: true}
Session ID: 2b0f30e9732bb72957c85f1e429ca4a7
	at java.base/jdk.internal.reflect.NativeConstructorAccessorImpl.newInstance0(Native Method)
	at java.base/jdk.internal.reflect.NativeConstructorAccessorImpl.newInstance(NativeConstructorAccessorImpl.java:62)
	at java.base/jdk.internal.reflect.DelegatingConstructorAccessorImpl.newInstance(DelegatingConstructorAccessorImpl.java:45)
	at java.base/java.lang.reflect.Constructor.newInstance(Constructor.java:490)
	at org.openqa.selenium.remote.codec.w3c.W3CHttpResponseCodec.createException(W3CHttpResponseCodec.java:200)
	at org.openqa.selenium.remote.codec.w3c.W3CHttpResponseCodec.decode(W3CHttpResponseCodec.java:133)
	at org.openqa.selenium.remote.codec.w3c.W3CHttpResponseCodec.decode(W3CHttpResponseCodec.java:53)
	at org.openqa.selenium.remote.HttpCommandExecutor.execute(HttpCommandExecutor.java:184)
	at org.openqa.selenium.remote.TracedCommandExecutor.execute(TracedCommandExecutor.java:51)
	at org.openqa.selenium.remote.RemoteWebDriver.execute(RemoteWebDriver.java:541)
	at org.openqa.selenium.remote.ElementLocation$ElementFinder$2.findElement(ElementLocation.java:162)
	at org.openqa.selenium.remote.ElementLocation.findElement(ElementLocation.java:66)
	at org.openqa.selenium.remote.RemoteWebDriver.findElement(RemoteWebDriver.java:365)
	at org.openqa.selenium.remote.RemoteWebDriver.findElement(RemoteWebDriver.java:357)
	at org.openqa.selenium.support.pagefactory.DefaultElementLocator.findElement(DefaultElementLocator.java:70)
	at org.openqa.selenium.support.pagefactory.internal.LocatingElementHandler.invoke(LocatingElementHandler.java:39)
	at com.sun.proxy.$Proxy29.sendKeys(Unknown Source)
	at com.resumelibrary.admintest.misc.MiscPage.loginAsAdminUser(MiscPage.java:116)
	at com.resumelibrary.cucumber.stepdefinitions.admin.misc.Misc.iLoginAsAnAdminUser(Misc.java:31)
	at ?.I login as an admin user(file:///Users/shubhamr/Downloads/rl-selenium-web/./src/test/java/resources/featurefiles/aaajobposting/AADataSetup.feature:6)


&amp#27;[0m&amp#27;[1;91m<---]&amp#27;[0m
[TestNG-PoolService-0] INFO com.resumelibrary.cucumber.CustomFormatter - &amp#27;[1;91m[--->&amp#27;[42m&amp#27;[1;97mStep 2: &amp#27;[0;100m&amp#27;[1;97mI navigate to page on admin "Account 1478"&amp#27;[1;92m[SKIPPED]&amp#27;[0m&amp#27;[0m&amp#27;[1;91m<---]&amp#27;[0m
[TestNG-PoolService-0] INFO com.resumelibrary.cucumber.CustomFormatter - &amp#27;[1;91m[--->&amp#27;[42m&amp#27;[1;97mStep 3: &amp#27;[0;100m&amp#27;[1;97mI click on product details Edit button&amp#27;[1;92m[SKIPPED]&amp#27;[0m&amp#27;[0m&amp#27;[1;91m<---]&amp#27;[0m
[TestNG-PoolService-0] INFO com.resumelibrary.cucumber.CustomFormatter - &amp#27;[1;91m[--->&amp#27;[42m&amp#27;[1;97mStep 4: &amp#27;[0;100m&amp#27;[1;97mthe job posting spend type is "ACCOUNT" not "CLIENT"&amp#27;[1;92m[SKIPPED]&amp#27;[0m&amp#27;[0m&amp#27;[1;91m<---]&amp#27;[0m
[TestNG-PoolService-0] INFO com.resumelibrary.cucumber.CustomFormatter - |----------------------------------------------------------------------------------------------------------------------------------|
[TestNG-PoolService-0] INFO com.resumelibrary.cucumber.CustomFormatter - &amp#27;[1;91m[--->&amp#27;[42m&amp#27;[1;97m browser closed for scenario : Verifying job posting spend type is ACCOUNT not CLIENT&amp#27;[0m&amp#27;[1;91m<---]&amp#27;[0m
[TestNG-PoolService-0] INFO com.resumelibrary.cucumber.CustomFormatter - |----------------------------------------------------------------------------------------------------------------------------------|
]]></system-err>
  </testcase>
</testsuite>